Assembler report for CPC2
Sun Jul  8 20:47:06 2018
Quartus II 64-Bit Version 14.0.0 Build 200 06/17/2014 SJ Web Edition


---------------------
; Table of Contents ;
---------------------
  1. Legal Notice
  2. Assembler Summary
  3. Assembler Settings
  4. Assembler Encrypted IP Cores Summary
  5. Assembler Generated Files
  6. Assembler Device Options: CPC2.sof
  7. Assembler Device Options: CPC2.pof
  8. Assembler Messages



----------------
; Legal Notice ;
----------------
Copyright (C) 1991-2014 Altera Corporation. All rights reserved.
Your use of Altera Corporation's design tools, logic functions 
and other software and tools, and its AMPP partner logic 
functions, and any output files from any of the foregoing 
(including device programming or simulation files), and any 
associated documentation or information are expressly subject 
to the terms and conditions of the Altera Program License 
Subscription Agreement, the Altera Quartus II License Agreement,
the Altera MegaCore Function License Agreement, or other 
applicable license agreement, including, without limitation, 
that your use is for the sole purpose of programming logic 
devices manufactured by Altera and sold by Altera or its 
authorized distributors.  Please refer to the applicable 
agreement for further details.



+---------------------------------------------------------------+
; Assembler Summary                                             ;
+-----------------------+---------------------------------------+
; Assembler Status      ; Successful - Sun Jul  8 20:47:06 2018 ;
; Revision Name         ; CPC2                                  ;
; Top-level Entity Name ; CPC2_C5G                              ;
; Family                ; Cyclone V                             ;
; Device                ; 5CGXFC5C6F27C7                        ;
+-----------------------+---------------------------------------+


+----------------------------------+
; Assembler Settings               ;
+--------+---------+---------------+
; Option ; Setting ; Default Value ;
+--------+---------+---------------+


+------------------------------------------------+
; Assembler Encrypted IP Cores Summary           ;
+--------+------------------------+--------------+
; Vendor ; IP Core Name           ; License Type ;
+--------+------------------------+--------------+
; Altera ; Signal Tap (6AF7 BCE1) ; Licensed     ;
; Altera ; Signal Tap (6AF7 BCEC) ; Licensed     ;
+--------+------------------------+--------------+


+---------------------------+
; Assembler Generated Files ;
+---------------------------+
; File Name                 ;
+---------------------------+
; CPC2.sof                  ;
; CPC2.pof                  ;
+---------------------------+


+------------------------------------+
; Assembler Device Options: CPC2.sof ;
+----------------+-------------------+
; Option         ; Setting           ;
+----------------+-------------------+
; Device         ; 5CGXFC5C6F27C7    ;
; JTAG usercode  ; 0x03992B24        ;
; Checksum       ; 0x03992B24        ;
+----------------+-------------------+


+------------------------------------+
; Assembler Device Options: CPC2.pof ;
+--------------------+---------------+
; Option             ; Setting       ;
+--------------------+---------------+
; Device             ; EPCQ256       ;
; JTAG usercode      ; 0x00000000    ;
; Checksum           ; 0xEA35E9A7    ;
; Compression Ratio  ; 2             ;
+--------------------+---------------+


+--------------------+
; Assembler Messages ;
+--------------------+
Info: *******************************************************************
Info: Running Quartus II 64-Bit Assembler
    Info: Version 14.0.0 Build 200 06/17/2014 SJ Web Edition
    Info: Processing started: Sun Jul  8 20:46:51 2018
Info: Command: quartus_asm --read_settings_files=off --write_settings_files=off CPC2 -c CPC2
Info (115030): Assembler is generating device programming files
Info: Quartus II 64-Bit Assembler was successful. 0 errors, 0 warnings
    Info: Peak virtual memory: 1217 megabytes
    Info: Processing ended: Sun Jul  8 20:47:06 2018
    Info: Elapsed time: 00:00:15
    Info: Total CPU time (on all processors): 00:00:15


