Assembler report for CPC2_DE10
Thu Jan  3 21:21:14 2019
Quartus II 64-Bit Version 14.0.0 Build 200 06/17/2014 SJ Web Edition


---------------------
; Table of Contents ;
---------------------
  1. Legal Notice
  2. Assembler Summary
  3. Assembler Settings
  4. Assembler Encrypted IP Cores Summary
  5. Assembler Generated Files
  6. Assembler Device Options: CPC2_DE10.sof
  7. Assembler Device Options: CPC2_DE10.pof
  8. Assembler Messages



----------------
; Legal Notice ;
----------------
Copyright (C) 1991-2014 Altera Corporation. All rights reserved.
Your use of Altera Corporation's design tools, logic functions 
and other software and tools, and its AMPP partner logic 
functions, and any output files from any of the foregoing 
(including device programming or simulation files), and any 
associated documentation or information are expressly subject 
to the terms and conditions of the Altera Program License 
Subscription Agreement, the Altera Quartus II License Agreement,
the Altera MegaCore Function License Agreement, or other 
applicable license agreement, including, without limitation, 
that your use is for the sole purpose of programming logic 
devices manufactured by Altera and sold by Altera or its 
authorized distributors.  Please refer to the applicable 
agreement for further details.



+---------------------------------------------------------------+
; Assembler Summary                                             ;
+-----------------------+---------------------------------------+
; Assembler Status      ; Successful - Thu Jan  3 21:21:14 2019 ;
; Revision Name         ; CPC2_DE10                             ;
; Top-level Entity Name ; CPC2_DE10                             ;
; Family                ; Cyclone V                             ;
; Device                ; 5CSEBA6U23I7                          ;
+-----------------------+---------------------------------------+


+----------------------------------+
; Assembler Settings               ;
+--------+---------+---------------+
; Option ; Setting ; Default Value ;
+--------+---------+---------------+


+------------------------------------------------+
; Assembler Encrypted IP Cores Summary           ;
+--------+------------------------+--------------+
; Vendor ; IP Core Name           ; License Type ;
+--------+------------------------+--------------+
; Altera ; Signal Tap (6AF7 BCE1) ; Licensed     ;
; Altera ; Signal Tap (6AF7 BCEC) ; Licensed     ;
+--------+------------------------+--------------+


+---------------------------+
; Assembler Generated Files ;
+---------------------------+
; File Name                 ;
+---------------------------+
; CPC2_DE10.sof             ;
; CPC2_DE10.pof             ;
+---------------------------+


+-----------------------------------------+
; Assembler Device Options: CPC2_DE10.sof ;
+----------------+------------------------+
; Option         ; Setting                ;
+----------------+------------------------+
; Device         ; 5CSEBA6U23I7           ;
; JTAG usercode  ; 0x039DD177             ;
; Checksum       ; 0x039DD177             ;
+----------------+------------------------+


+-----------------------------------------+
; Assembler Device Options: CPC2_DE10.pof ;
+--------------------+--------------------+
; Option             ; Setting            ;
+--------------------+--------------------+
; Device             ; EPCS128            ;
; JTAG usercode      ; 0x00000000         ;
; Checksum           ; 0xDFA56A11         ;
; Compression Ratio  ; 2                  ;
+--------------------+--------------------+


+--------------------+
; Assembler Messages ;
+--------------------+
Info: *******************************************************************
Info: Running Quartus II 64-Bit Assembler
    Info: Version 14.0.0 Build 200 06/17/2014 SJ Web Edition
    Info: Processing started: Thu Jan  3 21:20:56 2019
Info: Command: quartus_asm --read_settings_files=off --write_settings_files=off CPC2_DE10 -c CPC2_DE10
Info (115030): Assembler is generating device programming files
Info (11878): Hard Processor Subsystem configuration has not changed and a Preloader software update is not required
Info: Quartus II 64-Bit Assembler was successful. 0 errors, 0 warnings
    Info: Peak virtual memory: 1176 megabytes
    Info: Processing ended: Thu Jan  3 21:21:14 2019
    Info: Elapsed time: 00:00:18
    Info: Total CPU time (on all processors): 00:00:18


